<?xml version="1.0" encoding="UTF-8"?>
<!-- Generated by org.testng.reporters.JUnitReportReporter -->
<testsuite skipped="0" hostname="DESKTOP-2D5KLV5" name="com.test.qa.Amazon.LoginPage.TC002_LoginFromDataSheet" tests="1" failures="0" timestamp="12 Feb 2018 17:59:16 GMT" time="22.029" errors="0">
  <testcase name="verifyLogin" time="22.029" classname="com.test.qa.Amazon.LoginPage.TC002_LoginFromDataSheet"/>
</testsuite> <!-- com.test.qa.Amazon.LoginPage.TC002_LoginFromDataSheet -->
