<?xml version="1.0" encoding="UTF-8"?>
<!-- Generated by org.testng.reporters.JUnitReportReporter -->
<testsuite skipped="0" hostname="DESKTOP-2D5KLV5" name="com.test.qa.Amazon.LoginPage.TC001_VerifyLogin" tests="1" failures="0" timestamp="10 Feb 2018 14:01:18 GMT" time="23.467" errors="0">
  <testcase name="verifyLogin" time="23.467" classname="com.test.qa.Amazon.LoginPage.TC001_VerifyLogin"/>
</testsuite> <!-- com.test.qa.Amazon.LoginPage.TC001_VerifyLogin -->
